<?xml version="1.0" encoding="UTF-8"?>
<!-- Generated by org.testng.reporters.JUnitXMLReporter -->
<testsuite ignored="70" hostname="LAPTOP-8LD3H0DF" failures="19" tests="19" name="admin(failed)" time="4.676" errors="0" timestamp="2025-03-08T16:46:34 IST">
  <testcase classname="admin.LabController" name="Test03LabExcel" time="1.153">
    <failure type="java.lang.AssertionError" message="Expected 200 OK or 201 Created, but got: 417 expected [true] but found [false]">
      <![CDATA[java.lang.AssertionError: Expected 200 OK or 201 Created, but got: 417 expected [true] but found [false]
at admin.LabController.Test03LabExcel(LabController.java:225)
at java.base/java.util.ArrayList.forEach(ArrayList.java:1597)
... Removed 28 stack frames]]>
    </failure>
  </testcase> <!-- Test03LabExcel -->
  <testcase classname="admin.FluoresceneController" name="tset03PostFluoresceneExcel" time="0.177">
    <failure type="java.lang.AssertionError" message="Expected 200 OK or 201 Created, but got: 417 expected [true] but found [false]">
      <![CDATA[java.lang.AssertionError: Expected 200 OK or 201 Created, but got: 417 expected [true] but found [false]
at admin.FluoresceneController.tset03PostFluoresceneExcel(FluoresceneController.java:217)
at java.base/java.util.ArrayList.forEach(ArrayList.java:1597)
... Removed 28 stack frames]]>
    </failure>
  </testcase> <!-- tset03PostFluoresceneExcel -->
  <testcase classname="admin.ImageController" name="Test03GetFetchImages" time="1.812">
    <failure type="java.lang.AssertionError" message="Expected 200 OK, but got: 404 expected [200] but found [404]">
      <![CDATA[java.lang.AssertionError: Expected 200 OK, but got: 404 expected [200] but found [404]
at admin.ImageController.Test03GetFetchImages(ImageController.java:177)
at java.base/java.util.ArrayList.forEach(ArrayList.java:1597)
... Removed 30 stack frames]]>
    </failure>
  </testcase> <!-- Test03GetFetchImages -->
  <testcase classname="admin.ImageController" name="Test02GetImages" time="0.298">
    <failure type="java.lang.AssertionError" message="Expected 200 OK, but got: 404 expected [200] but found [404]">
      <![CDATA[java.lang.AssertionError: Expected 200 OK, but got: 404 expected [200] but found [404]
at admin.ImageController.Test02GetImages(ImageController.java:122)
at java.base/java.util.ArrayList.forEach(ArrayList.java:1597)
... Removed 30 stack frames]]>
    </failure>
  </testcase> <!-- Test02GetImages -->
  <testcase classname="admin.CountryController" name="test01GetCountryId" time="0.052">
    <failure type="java.lang.AssertionError" message="Expected 200 OK, but got: 500 expected [200] but found [500]">
      <![CDATA[java.lang.AssertionError: Expected 200 OK, but got: 500 expected [200] but found [500]
at admin.CountryController.test01GetCountryId(CountryController.java:71)
at java.base/java.util.ArrayList.forEach(ArrayList.java:1597)
... Removed 30 stack frames]]>
    </failure>
  </testcase> <!-- test01GetCountryId -->
  <testcase classname="admin.LotController" name="test07BiddersPdf" time="0.145">
    <failure type="java.lang.AssertionError" message="Internal Server Error occurred.">
      <![CDATA[java.lang.AssertionError: Internal Server Error occurred.
at admin.LotController.test07BiddersPdf(LotController.java:178)
at java.base/java.util.ArrayList.forEach(ArrayList.java:1597)
... Removed 26 stack frames]]>
    </failure>
  </testcase> <!-- test07BiddersPdf -->
  <testcase classname="admin.UserController" name="UpdateUserUpload" time="0.023">
    <failure type="java.io.FileNotFoundException" message="C:\Users\ESAMYAK121\Desktop\Testing\user_data.xlsx (The system cannot find the path specified)">
      <![CDATA[java.io.FileNotFoundException: C:\Users\ESAMYAK121\Desktop\Testing\user_data.xlsx (The system cannot find the path specified)
at java.base/java.io.FileInputStream.open0(Native Method)
at java.base/java.io.FileInputStream.open(FileInputStream.java:219)
at java.base/java.io.FileInputStream.<init>(FileInputStream.java:159)
at org.apache.http.entity.mime.content.FileBody.writeTo(FileBody.java:116)
at org.apache.http.entity.mime.AbstractMultipartForm.doWriteTo(AbstractMultipartForm.java:134)
at org.apache.http.entity.mime.AbstractMultipartForm.writeTo(AbstractMultipartForm.java:157)
at org.apache.http.entity.mime.MultipartFormEntity.writeTo(MultipartFormEntity.java:113)
at org.apache.http.HttpEntity$writeTo$4.call(Unknown Source)
at io.restassured.internal.multipart.RestAssuredMultiPartEntity.writeTo(RestAssuredMultiPartEntity.groovy:110)
at org.apache.http.entity.HttpEntityWrapper.writeTo(HttpEntityWrapper.java:96)
at org.apache.http.impl.client.EntityEnclosingRequestWrapper$EntityWrapper.writeTo(EntityEnclosingRequestWrapper.java:110)
at org.apache.http.impl.entity.EntitySerializer.serialize(EntitySerializer.java:118)
at org.apache.http.impl.AbstractHttpClientConnection.sendRequestEntity(AbstractHttpClientConnection.java:274)
at org.apache.http.impl.conn.ManagedClientConnectionImpl.sendRequestEntity(ManagedClientConnectionImpl.java:214)
at org.apache.http.protocol.HttpRequestExecutor.doSendRequest(HttpRequestExecutor.java:238)
at org.apache.http.protocol.HttpRequestExecutor.execute(HttpRequestExecutor.java:123)
at org.apache.http.impl.client.DefaultRequestDirector.tryExecute(DefaultRequestDirector.java:679)
at org.apache.http.impl.client.DefaultRequestDirector.execute(DefaultRequestDirector.java:481)
at org.apache.http.impl.client.AbstractHttpClient.doExecute(AbstractHttpClient.java:835)
at org.apache.http.impl.client.CloseableHttpClient.execute(CloseableHttpClient.java:83)
at io.restassured.internal.RestAssuredHttpBuilder.doRequest(RestAssuredHttpBuilder.java:141)
at io.restassured.internal.http.HTTPBuilder.post(HTTPBuilder.java:349)
at io.restassured.internal.http.HTTPBuilder$post$2.call(Unknown Source)
at io.restassured.internal.RequestSpecificationImpl.sendRequest(RequestSpecificationImpl.groovy:1209)
at io.restassured.internal.RequestSpecificationImpl.this$2$sendRequest(RequestSpecificationImpl.groovy)
at groovy.lang.MetaMethod.doMethodInvoke(MetaMethod.java:328)
at groovy.lang.MetaClassImpl.doInvokeMethod(MetaClassImpl.java:1333)
at groovy.lang.MetaClassImpl.invokeMethod(MetaClassImpl.java:1088)
at groovy.lang.MetaClassImpl.invokeMethod(MetaClassImpl.java:1007)
at groovy.lang.MetaClassImpl.invokeMethod(MetaClassImpl.java:790)
at io.restassured.internal.RequestSpecificationImpl.invokeMethod(RequestSpecificationImpl.groovy)
at org.codehaus.groovy.runtime.callsite.PogoInterceptableSite.call(PogoInterceptableSite.java:46)
at org.codehaus.groovy.runtime.callsite.AbstractCallSite.call(AbstractCallSite.java:166)
at io.restassured.internal.filter.SendRequestFilter.filter(SendRequestFilter.groovy:30)
at io.restassured.filter.Filter$filter.call(Unknown Source)
at org.codehaus.groovy.runtime.callsite.CallSiteArray.defaultCall(CallSiteArray.java:45)
at io.restassured.filter.Filter$filter$0.call(Unknown Source)
at io.restassured.internal.filter.FilterContextImpl.next(FilterContextImpl.groovy:72)
at io.restassured.filter.time.TimingFilter.filter(TimingFilter.java:56)
at io.restassured.filter.Filter$filter$0.call(Unknown Source)
at org.codehaus.groovy.runtime.callsite.CallSiteArray.defaultCall(CallSiteArray.java:45)
at io.restassured.filter.Filter$filter.call(Unknown Source)
at io.restassured.internal.filter.FilterContextImpl.next(FilterContextImpl.groovy:72)
at io.restassured.filter.FilterContext$next.call(Unknown Source)
at io.restassured.internal.filter.CsrfFilter.filter(CsrfFilter.groovy:70)
at io.restassured.filter.Filter$filter.call(Unknown Source)
at org.codehaus.groovy.runtime.callsite.CallSiteArray.defaultCall(CallSiteArray.java:45)
at io.restassured.filter.Filter$filter.call(Unknown Source)
at io.restassured.internal.filter.FilterContextImpl.next(FilterContextImpl.groovy:72)
at io.restassured.filter.FilterContext$next.call(Unknown Source)
at io.restassured.internal.RequestSpecificationImpl.applyPathParamsAndSendRequest(RequestSpecificationImpl.groovy:1704)
at io.restassured.internal.RequestSpecificationImpl.this$2$applyPathParamsAndSendRequest(RequestSpecificationImpl.groovy)
at groovy.lang.MetaMethod.doMethodInvoke(MetaMethod.java:328)
at groovy.lang.MetaClassImpl.doInvokeMethod(MetaClassImpl.java:1333)
at groovy.lang.MetaClassImpl.invokeMethod(MetaClassImpl.java:1088)
at groovy.lang.MetaClassImpl.invokeMethod(MetaClassImpl.java:1007)
at groovy.lang.MetaClassImpl.invokeMethod(MetaClassImpl.java:790)
at io.restassured.internal.RequestSpecificationImpl.invokeMethod(RequestSpecificationImpl.groovy)
at org.codehaus.groovy.runtime.callsite.PogoInterceptableSite.call(PogoInterceptableSite.java:46)
at org.codehaus.groovy.runtime.callsite.PogoInterceptableSite.callCurrent(PogoInterceptableSite.java:57)
at org.codehaus.groovy.runtime.callsite.AbstractCallSite.callCurrent(AbstractCallSite.java:203)
at io.restassured.internal.RequestSpecificationImpl.applyPathParamsAndSendRequest(RequestSpecificationImpl.groovy:1710)
at io.restassured.internal.RequestSpecificationImpl.this$2$applyPathParamsAndSendRequest(RequestSpecificationImpl.groovy)
at groovy.lang.MetaMethod.doMethodInvoke(MetaMethod.java:328)
at groovy.lang.MetaClassImpl.doInvokeMethod(MetaClassImpl.java:1333)
at groovy.lang.MetaClassImpl.invokeMethod(MetaClassImpl.java:1088)
at groovy.lang.MetaClassImpl.invokeMethod(MetaClassImpl.java:1007)
at groovy.lang.MetaClassImpl.invokeMethod(MetaClassImpl.java:790)
at io.restassured.internal.RequestSpecificationImpl.invokeMethod(RequestSpecificationImpl.groovy)
at org.codehaus.groovy.runtime.callsite.PogoInterceptableSite.call(PogoInterceptableSite.java:46)
at org.codehaus.groovy.runtime.callsite.PogoInterceptableSite.callCurrent(PogoInterceptableSite.java:57)
at org.codehaus.groovy.runtime.callsite.AbstractCallSite.callCurrent(AbstractCallSite.java:203)
at io.restassured.internal.RequestSpecificationImpl.post(RequestSpecificationImpl.groovy:176)
at io.restassured.internal.RequestSpecificationImpl.post(RequestSpecificationImpl.groovy)
at admin.UserController.UpdateUserUpload(UserController.java:88)
at java.base/java.util.ArrayList.forEach(ArrayList.java:1597)
... Removed 34 stack frames]]>
    </failure>
  </testcase> <!-- UpdateUserUpload -->
  <testcase classname="admin.CutController" name="test03PostCutExcel" time="0.199">
    <failure type="java.lang.AssertionError" message="Expected 200 OK or 201 Created, but got: 417 expected [true] but found [false]">
      <![CDATA[java.lang.AssertionError: Expected 200 OK or 201 Created, but got: 417 expected [true] but found [false]
at admin.CutController.test03PostCutExcel(CutController.java:214)
at java.base/java.util.ArrayList.forEach(ArrayList.java:1597)
... Removed 28 stack frames]]>
    </failure>
  </testcase> <!-- test03PostCutExcel -->
  <testcase classname="admin.LedgerController" name="test02Ledger" time="0.042">
    <failure type="java.lang.AssertionError" message="Expected 200 OK or 201 Created, but got: 500 expected [true] but found [false]">
      <![CDATA[java.lang.AssertionError: Expected 200 OK or 201 Created, but got: 500 expected [true] but found [false]
at admin.LedgerController.test02Ledger(LedgerController.java:135)
at java.base/java.util.ArrayList.forEach(ArrayList.java:1597)
... Removed 28 stack frames]]>
    </failure>
  </testcase> <!-- test02Ledger -->
  <testcase classname="admin.DatabaseBackupController" name="test03GetBackupurl" time="0.054">
    <failure type="java.lang.AssertionError" message="Request failed due to token expiration.">
      <![CDATA[java.lang.AssertionError: Request failed due to token expiration.
at admin.DatabaseBackupController.test03GetBackupurl(DatabaseBackupController.java:152)
at java.base/java.util.ArrayList.forEach(ArrayList.java:1597)
... Removed 26 stack frames]]>
    </failure>
  </testcase> <!-- test03GetBackupurl -->
  <testcase classname="admin.DatabaseBackupController" name="test01PostStart" time="0.048">
    <failure type="java.lang.AssertionError" message="Request failed due to token expiration.">
      <![CDATA[java.lang.AssertionError: Request failed due to token expiration.
at admin.DatabaseBackupController.test01PostStart(DatabaseBackupController.java:47)
at java.base/java.util.ArrayList.forEach(ArrayList.java:1597)
... Removed 26 stack frames]]>
    </failure>
  </testcase> <!-- test01PostStart -->
  <testcase classname="admin.ShapeController" name="testcreateSymmetry03" time="0.025">
    <failure type="java.io.FileNotFoundException" message="D:\AutomationWork\Projects\TestNGAPITesting-master\src\test\resources\shape_Masters_Excel.xlsx (The system cannot find the file specified)">
      <![CDATA[java.io.FileNotFoundException: D:\AutomationWork\Projects\TestNGAPITesting-master\src\test\resources\shape_Masters_Excel.xlsx (The system cannot find the file specified)
at java.base/java.io.FileInputStream.open0(Native Method)
at java.base/java.io.FileInputStream.open(FileInputStream.java:219)
at java.base/java.io.FileInputStream.<init>(FileInputStream.java:159)
at org.apache.http.entity.mime.content.FileBody.writeTo(FileBody.java:116)
at org.apache.http.entity.mime.AbstractMultipartForm.doWriteTo(AbstractMultipartForm.java:134)
at org.apache.http.entity.mime.AbstractMultipartForm.writeTo(AbstractMultipartForm.java:157)
at org.apache.http.entity.mime.MultipartFormEntity.writeTo(MultipartFormEntity.java:113)
at org.apache.http.HttpEntity$writeTo$4.call(Unknown Source)
at io.restassured.internal.multipart.RestAssuredMultiPartEntity.writeTo(RestAssuredMultiPartEntity.groovy:110)
at org.apache.http.entity.HttpEntityWrapper.writeTo(HttpEntityWrapper.java:96)
at org.apache.http.impl.client.EntityEnclosingRequestWrapper$EntityWrapper.writeTo(EntityEnclosingRequestWrapper.java:110)
at org.apache.http.impl.entity.EntitySerializer.serialize(EntitySerializer.java:118)
at org.apache.http.impl.AbstractHttpClientConnection.sendRequestEntity(AbstractHttpClientConnection.java:274)
at org.apache.http.impl.conn.ManagedClientConnectionImpl.sendRequestEntity(ManagedClientConnectionImpl.java:214)
at org.apache.http.protocol.HttpRequestExecutor.doSendRequest(HttpRequestExecutor.java:238)
at org.apache.http.protocol.HttpRequestExecutor.execute(HttpRequestExecutor.java:123)
at org.apache.http.impl.client.DefaultRequestDirector.tryExecute(DefaultRequestDirector.java:679)
at org.apache.http.impl.client.DefaultRequestDirector.execute(DefaultRequestDirector.java:481)
at org.apache.http.impl.client.AbstractHttpClient.doExecute(AbstractHttpClient.java:835)
at org.apache.http.impl.client.CloseableHttpClient.execute(CloseableHttpClient.java:83)
at io.restassured.internal.RestAssuredHttpBuilder.doRequest(RestAssuredHttpBuilder.java:141)
at io.restassured.internal.http.HTTPBuilder.post(HTTPBuilder.java:349)
at io.restassured.internal.http.HTTPBuilder$post$2.call(Unknown Source)
at io.restassured.internal.RequestSpecificationImpl.sendRequest(RequestSpecificationImpl.groovy:1209)
at io.restassured.internal.RequestSpecificationImpl.this$2$sendRequest(RequestSpecificationImpl.groovy)
at groovy.lang.MetaMethod.doMethodInvoke(MetaMethod.java:328)
at groovy.lang.MetaClassImpl.doInvokeMethod(MetaClassImpl.java:1333)
at groovy.lang.MetaClassImpl.invokeMethod(MetaClassImpl.java:1088)
at groovy.lang.MetaClassImpl.invokeMethod(MetaClassImpl.java:1007)
at groovy.lang.MetaClassImpl.invokeMethod(MetaClassImpl.java:790)
at io.restassured.internal.RequestSpecificationImpl.invokeMethod(RequestSpecificationImpl.groovy)
at org.codehaus.groovy.runtime.callsite.PogoInterceptableSite.call(PogoInterceptableSite.java:46)
at org.codehaus.groovy.runtime.callsite.AbstractCallSite.call(AbstractCallSite.java:166)
at io.restassured.internal.filter.SendRequestFilter.filter(SendRequestFilter.groovy:30)
at io.restassured.filter.Filter$filter.call(Unknown Source)
at org.codehaus.groovy.runtime.callsite.CallSiteArray.defaultCall(CallSiteArray.java:45)
at io.restassured.filter.Filter$filter$0.call(Unknown Source)
at io.restassured.internal.filter.FilterContextImpl.next(FilterContextImpl.groovy:72)
at io.restassured.filter.time.TimingFilter.filter(TimingFilter.java:56)
at io.restassured.filter.Filter$filter$0.call(Unknown Source)
at org.codehaus.groovy.runtime.callsite.CallSiteArray.defaultCall(CallSiteArray.java:45)
at io.restassured.filter.Filter$filter.call(Unknown Source)
at io.restassured.internal.filter.FilterContextImpl.next(FilterContextImpl.groovy:72)
at io.restassured.filter.FilterContext$next.call(Unknown Source)
at io.restassured.internal.filter.CsrfFilter.filter(CsrfFilter.groovy:70)
at io.restassured.filter.Filter$filter.call(Unknown Source)
at org.codehaus.groovy.runtime.callsite.CallSiteArray.defaultCall(CallSiteArray.java:45)
at io.restassured.filter.Filter$filter.call(Unknown Source)
at io.restassured.internal.filter.FilterContextImpl.next(FilterContextImpl.groovy:72)
at io.restassured.filter.FilterContext$next.call(Unknown Source)
at io.restassured.internal.RequestSpecificationImpl.applyPathParamsAndSendRequest(RequestSpecificationImpl.groovy:1704)
at io.restassured.internal.RequestSpecificationImpl.this$2$applyPathParamsAndSendRequest(RequestSpecificationImpl.groovy)
at groovy.lang.MetaMethod.doMethodInvoke(MetaMethod.java:328)
at groovy.lang.MetaClassImpl.doInvokeMethod(MetaClassImpl.java:1333)
at groovy.lang.MetaClassImpl.invokeMethod(MetaClassImpl.java:1088)
at groovy.lang.MetaClassImpl.invokeMethod(MetaClassImpl.java:1007)
at groovy.lang.MetaClassImpl.invokeMethod(MetaClassImpl.java:790)
at io.restassured.internal.RequestSpecificationImpl.invokeMethod(RequestSpecificationImpl.groovy)
at org.codehaus.groovy.runtime.callsite.PogoInterceptableSite.call(PogoInterceptableSite.java:46)
at org.codehaus.groovy.runtime.callsite.PogoInterceptableSite.callCurrent(PogoInterceptableSite.java:57)
at org.codehaus.groovy.runtime.callsite.AbstractCallSite.callCurrent(AbstractCallSite.java:203)
at io.restassured.internal.RequestSpecificationImpl.applyPathParamsAndSendRequest(RequestSpecificationImpl.groovy:1710)
at io.restassured.internal.RequestSpecificationImpl.this$2$applyPathParamsAndSendRequest(RequestSpecificationImpl.groovy)
at groovy.lang.MetaMethod.doMethodInvoke(MetaMethod.java:328)
at groovy.lang.MetaClassImpl.doInvokeMethod(MetaClassImpl.java:1333)
at groovy.lang.MetaClassImpl.invokeMethod(MetaClassImpl.java:1088)
at groovy.lang.MetaClassImpl.invokeMethod(MetaClassImpl.java:1007)
at groovy.lang.MetaClassImpl.invokeMethod(MetaClassImpl.java:790)
at io.restassured.internal.RequestSpecificationImpl.invokeMethod(RequestSpecificationImpl.groovy)
at org.codehaus.groovy.runtime.callsite.PogoInterceptableSite.call(PogoInterceptableSite.java:46)
at org.codehaus.groovy.runtime.callsite.PogoInterceptableSite.callCurrent(PogoInterceptableSite.java:57)
at org.codehaus.groovy.runtime.callsite.AbstractCallSite.callCurrent(AbstractCallSite.java:203)
at io.restassured.internal.RequestSpecificationImpl.post(RequestSpecificationImpl.groovy:176)
at io.restassured.internal.RequestSpecificationImpl.post(RequestSpecificationImpl.groovy)
at admin.ShapeController.testcreateSymmetry03(ShapeController.java:172)
at java.base/java.util.ArrayList.forEach(ArrayList.java:1597)
... Removed 34 stack frames]]>
    </failure>
  </testcase> <!-- testcreateSymmetry03 -->
  <testcase classname="admin.ReservationTransactionController" name="test01PostCreateReservation" time="0.067">
    <failure type="java.lang.AssertionError" message="Expected 200 OK or 201 Created, but got: 409 expected [true] but found [false]">
      <![CDATA[java.lang.AssertionError: Expected 200 OK or 201 Created, but got: 409 expected [true] but found [false]
at admin.ReservationTransactionController.test01PostCreateReservation(ReservationTransactionController.java:79)
at java.base/java.util.ArrayList.forEach(ArrayList.java:1597)
... Removed 28 stack frames]]>
    </failure>
  </testcase> <!-- test01PostCreateReservation -->
  <testcase classname="admin.ReservationController" name="Test03PostUpdateSlotTransaction" time="0.044">
    <failure type="java.lang.AssertionError" message="Expected 200 OK, but got: 500 expected [200] but found [500]">
      <![CDATA[java.lang.AssertionError: Expected 200 OK, but got: 500 expected [200] but found [500]
at admin.ReservationController.Test03PostUpdateSlotTransaction(ReservationController.java:235)
at java.base/java.util.ArrayList.forEach(ArrayList.java:1597)
... Removed 30 stack frames]]>
    </failure>
  </testcase> <!-- Test03PostUpdateSlotTransaction -->
  <testcase classname="admin.ReservationController" name="Test02GetSlots" time="0.046">
    <failure type="java.lang.AssertionError" message="Expected 200 OK, but got: 500 expected [200] but found [500]">
      <![CDATA[java.lang.AssertionError: Expected 200 OK, but got: 500 expected [200] but found [500]
at admin.ReservationController.Test02GetSlots(ReservationController.java:142)
at java.base/java.util.ArrayList.forEach(ArrayList.java:1597)
... Removed 30 stack frames]]>
    </failure>
  </testcase> <!-- Test02GetSlots -->
  <testcase classname="admin.SymmetryController" name="test03SymmetryExcel" time="0.035">
    <failure type="java.io.FileNotFoundException" message="D:\AutomationWork\Projects\TestNGAPITesting-master\src\test\resources\symmetry_Masters_Excel.xlsx (The system cannot find the file specified)">
      <![CDATA[java.io.FileNotFoundException: D:\AutomationWork\Projects\TestNGAPITesting-master\src\test\resources\symmetry_Masters_Excel.xlsx (The system cannot find the file specified)
at java.base/java.io.FileInputStream.open0(Native Method)
at java.base/java.io.FileInputStream.open(FileInputStream.java:219)
at java.base/java.io.FileInputStream.<init>(FileInputStream.java:159)
at org.apache.http.entity.mime.content.FileBody.writeTo(FileBody.java:116)
at org.apache.http.entity.mime.AbstractMultipartForm.doWriteTo(AbstractMultipartForm.java:134)
at org.apache.http.entity.mime.AbstractMultipartForm.writeTo(AbstractMultipartForm.java:157)
at org.apache.http.entity.mime.MultipartFormEntity.writeTo(MultipartFormEntity.java:113)
at org.apache.http.HttpEntity$writeTo$4.call(Unknown Source)
at io.restassured.internal.multipart.RestAssuredMultiPartEntity.writeTo(RestAssuredMultiPartEntity.groovy:110)
at org.apache.http.entity.HttpEntityWrapper.writeTo(HttpEntityWrapper.java:96)
at org.apache.http.impl.client.EntityEnclosingRequestWrapper$EntityWrapper.writeTo(EntityEnclosingRequestWrapper.java:110)
at org.apache.http.impl.entity.EntitySerializer.serialize(EntitySerializer.java:118)
at org.apache.http.impl.AbstractHttpClientConnection.sendRequestEntity(AbstractHttpClientConnection.java:274)
at org.apache.http.impl.conn.ManagedClientConnectionImpl.sendRequestEntity(ManagedClientConnectionImpl.java:214)
at org.apache.http.protocol.HttpRequestExecutor.doSendRequest(HttpRequestExecutor.java:238)
at org.apache.http.protocol.HttpRequestExecutor.execute(HttpRequestExecutor.java:123)
at org.apache.http.impl.client.DefaultRequestDirector.tryExecute(DefaultRequestDirector.java:679)
at org.apache.http.impl.client.DefaultRequestDirector.execute(DefaultRequestDirector.java:481)
at org.apache.http.impl.client.AbstractHttpClient.doExecute(AbstractHttpClient.java:835)
at org.apache.http.impl.client.CloseableHttpClient.execute(CloseableHttpClient.java:83)
at io.restassured.internal.RestAssuredHttpBuilder.doRequest(RestAssuredHttpBuilder.java:141)
at io.restassured.internal.http.HTTPBuilder.post(HTTPBuilder.java:349)
at io.restassured.internal.http.HTTPBuilder$post$2.call(Unknown Source)
at io.restassured.internal.RequestSpecificationImpl.sendRequest(RequestSpecificationImpl.groovy:1209)
at io.restassured.internal.RequestSpecificationImpl.this$2$sendRequest(RequestSpecificationImpl.groovy)
at groovy.lang.MetaMethod.doMethodInvoke(MetaMethod.java:328)
at groovy.lang.MetaClassImpl.doInvokeMethod(MetaClassImpl.java:1333)
at groovy.lang.MetaClassImpl.invokeMethod(MetaClassImpl.java:1088)
at groovy.lang.MetaClassImpl.invokeMethod(MetaClassImpl.java:1007)
at groovy.lang.MetaClassImpl.invokeMethod(MetaClassImpl.java:790)
at io.restassured.internal.RequestSpecificationImpl.invokeMethod(RequestSpecificationImpl.groovy)
at org.codehaus.groovy.runtime.callsite.PogoInterceptableSite.call(PogoInterceptableSite.java:46)
at org.codehaus.groovy.runtime.callsite.AbstractCallSite.call(AbstractCallSite.java:166)
at io.restassured.internal.filter.SendRequestFilter.filter(SendRequestFilter.groovy:30)
at io.restassured.filter.Filter$filter.call(Unknown Source)
at org.codehaus.groovy.runtime.callsite.CallSiteArray.defaultCall(CallSiteArray.java:45)
at io.restassured.filter.Filter$filter$0.call(Unknown Source)
at io.restassured.internal.filter.FilterContextImpl.next(FilterContextImpl.groovy:72)
at io.restassured.filter.time.TimingFilter.filter(TimingFilter.java:56)
at io.restassured.filter.Filter$filter$0.call(Unknown Source)
at org.codehaus.groovy.runtime.callsite.CallSiteArray.defaultCall(CallSiteArray.java:45)
at io.restassured.filter.Filter$filter.call(Unknown Source)
at io.restassured.internal.filter.FilterContextImpl.next(FilterContextImpl.groovy:72)
at io.restassured.filter.FilterContext$next.call(Unknown Source)
at io.restassured.internal.filter.CsrfFilter.filter(CsrfFilter.groovy:70)
at io.restassured.filter.Filter$filter.call(Unknown Source)
at org.codehaus.groovy.runtime.callsite.CallSiteArray.defaultCall(CallSiteArray.java:45)
at io.restassured.filter.Filter$filter.call(Unknown Source)
at io.restassured.internal.filter.FilterContextImpl.next(FilterContextImpl.groovy:72)
at io.restassured.filter.FilterContext$next.call(Unknown Source)
at io.restassured.internal.RequestSpecificationImpl.applyPathParamsAndSendRequest(RequestSpecificationImpl.groovy:1704)
at io.restassured.internal.RequestSpecificationImpl.this$2$applyPathParamsAndSendRequest(RequestSpecificationImpl.groovy)
at groovy.lang.MetaMethod.doMethodInvoke(MetaMethod.java:328)
at groovy.lang.MetaClassImpl.doInvokeMethod(MetaClassImpl.java:1333)
at groovy.lang.MetaClassImpl.invokeMethod(MetaClassImpl.java:1088)
at groovy.lang.MetaClassImpl.invokeMethod(MetaClassImpl.java:1007)
at groovy.lang.MetaClassImpl.invokeMethod(MetaClassImpl.java:790)
at io.restassured.internal.RequestSpecificationImpl.invokeMethod(RequestSpecificationImpl.groovy)
at org.codehaus.groovy.runtime.callsite.PogoInterceptableSite.call(PogoInterceptableSite.java:46)
at org.codehaus.groovy.runtime.callsite.PogoInterceptableSite.callCurrent(PogoInterceptableSite.java:57)
at org.codehaus.groovy.runtime.callsite.AbstractCallSite.callCurrent(AbstractCallSite.java:203)
at io.restassured.internal.RequestSpecificationImpl.applyPathParamsAndSendRequest(RequestSpecificationImpl.groovy:1710)
at io.restassured.internal.RequestSpecificationImpl.this$2$applyPathParamsAndSendRequest(RequestSpecificationImpl.groovy)
at groovy.lang.MetaMethod.doMethodInvoke(MetaMethod.java:328)
at groovy.lang.MetaClassImpl.doInvokeMethod(MetaClassImpl.java:1333)
at groovy.lang.MetaClassImpl.invokeMethod(MetaClassImpl.java:1088)
at groovy.lang.MetaClassImpl.invokeMethod(MetaClassImpl.java:1007)
at groovy.lang.MetaClassImpl.invokeMethod(MetaClassImpl.java:790)
at io.restassured.internal.RequestSpecificationImpl.invokeMethod(RequestSpecificationImpl.groovy)
at org.codehaus.groovy.runtime.callsite.PogoInterceptableSite.call(PogoInterceptableSite.java:46)
at org.codehaus.groovy.runtime.callsite.PogoInterceptableSite.callCurrent(PogoInterceptableSite.java:57)
at org.codehaus.groovy.runtime.callsite.AbstractCallSite.callCurrent(AbstractCallSite.java:203)
at io.restassured.internal.RequestSpecificationImpl.post(RequestSpecificationImpl.groovy:176)
at io.restassured.internal.RequestSpecificationImpl.post(RequestSpecificationImpl.groovy)
at admin.SymmetryController.test03SymmetryExcel(SymmetryController.java:200)
at java.base/java.util.ArrayList.forEach(ArrayList.java:1597)
... Removed 34 stack frames]]>
    </failure>
  </testcase> <!-- test03SymmetryExcel -->
  <testcase classname="admin.PolishController" name="test03PolishExcel" time="0.276">
    <failure type="java.lang.AssertionError" message="Expected 200 OK or 201 Created, but got: 417 expected [true] but found [false]">
      <![CDATA[java.lang.AssertionError: Expected 200 OK or 201 Created, but got: 417 expected [true] but found [false]
at admin.PolishController.test03PolishExcel(PolishController.java:221)
at java.base/java.util.ArrayList.forEach(ArrayList.java:1597)
... Removed 28 stack frames]]>
    </failure>
  </testcase> <!-- test03PolishExcel -->
  <testcase classname="admin.MailInvoiceLotDiamondController" name="Test02PostSendmailEmailIdAuctionID" time="0.048">
    <failure type="java.lang.AssertionError" message="Expected 200 OK or 201 Created, but got: 500 expected [true] but found [false]">
      <![CDATA[java.lang.AssertionError: Expected 200 OK or 201 Created, but got: 500 expected [true] but found [false]
at admin.MailInvoiceLotDiamondController.Test02PostSendmailEmailIdAuctionID(MailInvoiceLotDiamondController.java:133)
at java.base/java.util.ArrayList.forEach(ArrayList.java:1597)
... Removed 28 stack frames]]>
    </failure>
  </testcase> <!-- Test02PostSendmailEmailIdAuctionID -->
  <testcase classname="admin.MailInvoiceLotDiamondController" name="Test03PostSendMailsAllLots" time="0.036">
    <failure type="java.lang.AssertionError" message="Expected 200 OK or 201 Created, but got: 409 expected [true] but found [false]">
      <![CDATA[java.lang.AssertionError: Expected 200 OK or 201 Created, but got: 409 expected [true] but found [false]
at admin.MailInvoiceLotDiamondController.Test03PostSendMailsAllLots(MailInvoiceLotDiamondController.java:197)
at java.base/java.util.ArrayList.forEach(ArrayList.java:1597)
... Removed 28 stack frames]]>
    </failure>
  </testcase> <!-- Test03PostSendMailsAllLots -->
  <testcase classname="utils.BaseTest" name="@AfterSuite afterSuite" time="0.0">
    <ignored/>
  </testcase> <!-- @AfterSuite afterSuite -->
  <testcase classname="utils.BaseTest" name="@AfterSuite afterSuite" time="0.0">
    <ignored/>
  </testcase> <!-- @AfterSuite afterSuite -->
  <testcase classname="utils.BaseTest" name="@AfterSuite afterSuite" time="0.0">
    <ignored/>
  </testcase> <!-- @AfterSuite afterSuite -->
  <testcase classname="utils.BaseTest" name="@AfterSuite afterSuite" time="0.0">
    <ignored/>
  </testcase> <!-- @AfterSuite afterSuite -->
  <testcase classname="utils.BaseTest" name="@AfterSuite afterSuite" time="0.0">
    <ignored/>
  </testcase> <!-- @AfterSuite afterSuite -->
  <testcase classname="utils.BaseTest" name="@AfterSuite afterSuite" time="0.0">
    <ignored/>
  </testcase> <!-- @AfterSuite afterSuite -->
  <testcase classname="utils.BaseTest" name="@AfterSuite afterSuite" time="0.0">
    <ignored/>
  </testcase> <!-- @AfterSuite afterSuite -->
  <testcase classname="utils.BaseTest" name="@AfterSuite afterSuite" time="0.0">
    <ignored/>
  </testcase> <!-- @AfterSuite afterSuite -->
  <testcase classname="utils.BaseTest" name="@AfterSuite afterSuite" time="0.0">
    <ignored/>
  </testcase> <!-- @AfterSuite afterSuite -->
  <testcase classname="utils.BaseTest" name="@AfterSuite afterSuite" time="0.0">
    <ignored/>
  </testcase> <!-- @AfterSuite afterSuite -->
  <testcase classname="utils.BaseTest" name="@AfterSuite afterSuite" time="0.0">
    <ignored/>
  </testcase> <!-- @AfterSuite afterSuite -->
  <testcase classname="utils.BaseTest" name="@AfterSuite afterSuite" time="0.0">
    <ignored/>
  </testcase> <!-- @AfterSuite afterSuite -->
  <testcase classname="utils.BaseTest" name="@AfterSuite afterSuite" time="0.0">
    <ignored/>
  </testcase> <!-- @AfterSuite afterSuite -->
  <testcase classname="utils.BaseTest" name="@AfterSuite afterSuite" time="0.0">
    <ignored/>
  </testcase> <!-- @AfterSuite afterSuite -->
  <testcase classname="admin.CountryController" name="test02PutCountryId" time="0.0">
    <ignored/>
  </testcase> <!-- test02PutCountryId -->
  <testcase classname="admin.SymmetryController" name="test04Symmetries" time="0.0">
    <ignored/>
  </testcase> <!-- test04Symmetries -->
  <testcase classname="admin.LotController" name="test06DownloadLotExcel" time="0.0">
    <ignored/>
  </testcase> <!-- test06DownloadLotExcel -->
  <testcase classname="admin.PolishController" name="test01PolishPolishId" time="0.0">
    <ignored/>
  </testcase> <!-- test01PolishPolishId -->
  <testcase classname="admin.PolishController" name="test02Polish" time="0.0">
    <ignored/>
  </testcase> <!-- test02Polish -->
  <testcase classname="admin.SymmetryController" name="test02Symmetry" time="0.0">
    <ignored/>
  </testcase> <!-- test02Symmetry -->
  <testcase classname="utils.BaseTest" name="@BeforeSuite beforeSuite" time="0.0">
    <ignored/>
  </testcase> <!-- @BeforeSuite beforeSuite -->
  <testcase classname="utils.BaseTest" name="@BeforeSuite beforeSuite" time="0.0">
    <ignored/>
  </testcase> <!-- @BeforeSuite beforeSuite -->
  <testcase classname="utils.BaseTest" name="@BeforeSuite beforeSuite" time="0.0">
    <ignored/>
  </testcase> <!-- @BeforeSuite beforeSuite -->
  <testcase classname="utils.BaseTest" name="@BeforeSuite beforeSuite" time="0.0">
    <ignored/>
  </testcase> <!-- @BeforeSuite beforeSuite -->
  <testcase classname="utils.BaseTest" name="@BeforeSuite beforeSuite" time="0.0">
    <ignored/>
  </testcase> <!-- @BeforeSuite beforeSuite -->
  <testcase classname="utils.BaseTest" name="@BeforeSuite beforeSuite" time="0.0">
    <ignored/>
  </testcase> <!-- @BeforeSuite beforeSuite -->
  <testcase classname="utils.BaseTest" name="@BeforeSuite beforeSuite" time="0.0">
    <ignored/>
  </testcase> <!-- @BeforeSuite beforeSuite -->
  <testcase classname="utils.BaseTest" name="@BeforeSuite beforeSuite" time="0.0">
    <ignored/>
  </testcase> <!-- @BeforeSuite beforeSuite -->
  <testcase classname="utils.BaseTest" name="@BeforeSuite beforeSuite" time="0.0">
    <ignored/>
  </testcase> <!-- @BeforeSuite beforeSuite -->
  <testcase classname="utils.BaseTest" name="@BeforeSuite beforeSuite" time="0.0">
    <ignored/>
  </testcase> <!-- @BeforeSuite beforeSuite -->
  <testcase classname="utils.BaseTest" name="@BeforeSuite beforeSuite" time="0.0">
    <ignored/>
  </testcase> <!-- @BeforeSuite beforeSuite -->
  <testcase classname="utils.BaseTest" name="@BeforeSuite beforeSuite" time="0.0">
    <ignored/>
  </testcase> <!-- @BeforeSuite beforeSuite -->
  <testcase classname="utils.BaseTest" name="@BeforeSuite beforeSuite" time="0.0">
    <ignored/>
  </testcase> <!-- @BeforeSuite beforeSuite -->
  <testcase classname="utils.BaseTest" name="@BeforeSuite beforeSuite" time="0.0">
    <ignored/>
  </testcase> <!-- @BeforeSuite beforeSuite -->
  <testcase classname="admin.SymmetryController" name="test01SymmetryId" time="0.0">
    <ignored/>
  </testcase> <!-- test01SymmetryId -->
  <testcase classname="admin.CutController" name="test01PutCutId" time="0.0">
    <ignored/>
  </testcase> <!-- test01PutCutId -->
  <testcase classname="admin.ImageController" name="Test04GetBulkBidThumbnailLogo" time="0.0">
    <ignored/>
  </testcase> <!-- Test04GetBulkBidThumbnailLogo -->
  <testcase classname="admin.LotController" name="test01LotidAmount" time="0.0">
    <ignored/>
  </testcase> <!-- test01LotidAmount -->
  <testcase classname="admin.FluoresceneController" name="test02PostFluorescene" time="0.0">
    <ignored/>
  </testcase> <!-- test02PostFluorescene -->
  <testcase classname="admin.CountryController" name="test03PostCountry" time="0.0">
    <ignored/>
  </testcase> <!-- test03PostCountry -->
  <testcase classname="admin.UserController" name="test10GetInactiveUsers" time="0.0">
    <ignored/>
  </testcase> <!-- test10GetInactiveUsers -->
  <testcase classname="admin.ReservationTransactionController" name="test03GetReservationAuctionIdUserId" time="0.0">
    <ignored/>
  </testcase> <!-- test03GetReservationAuctionIdUserId -->
  <testcase classname="admin.UserController" name="test09GetAppliedUsersKyc" time="0.0">
    <ignored/>
  </testcase> <!-- test09GetAppliedUsersKyc -->
  <testcase classname="admin.ShapeController" name="testcreateSymmetry04" time="0.0">
    <ignored/>
  </testcase> <!-- testcreateSymmetry04 -->
  <testcase classname="admin.ReservationController" name="Test01PostSlotTransaction" time="0.0">
    <ignored/>
  </testcase> <!-- Test01PostSlotTransaction -->
  <testcase classname="admin.ImageController" name="Test01GetTopbarLogo" time="0.0">
    <ignored/>
  </testcase> <!-- Test01GetTopbarLogo -->
  <testcase classname="admin.DatabaseBackupController" name="test02GetStatus" time="0.0">
    <ignored/>
  </testcase> <!-- test02GetStatus -->
  <testcase classname="admin.MailInvoiceLotDiamondController" name="Test01PostSendmails" time="0.0">
    <ignored/>
  </testcase> <!-- Test01PostSendmails -->
  <testcase classname="admin.UserController" name="test01GetUserDetails" time="0.0">
    <ignored/>
  </testcase> <!-- test01GetUserDetails -->
  <testcase classname="admin.CutController" name="test04GetCuts" time="0.0">
    <ignored/>
  </testcase> <!-- test04GetCuts -->
  <testcase classname="admin.FluoresceneController" name="test01PutFluoresceneID" time="0.0">
    <ignored/>
  </testcase> <!-- test01PutFluoresceneID -->
  <testcase classname="admin.UserController" name="test11GetAllSuppliers" time="0.0">
    <ignored/>
  </testcase> <!-- test11GetAllSuppliers -->
  <testcase classname="admin.UserController" name="test08GetSupplierDetailsByAuctionId" time="0.0">
    <ignored/>
  </testcase> <!-- test08GetSupplierDetailsByAuctionId -->
  <testcase classname="admin.FluoresceneController" name="test04GetFluorescenes" time="0.0">
    <ignored/>
  </testcase> <!-- test04GetFluorescenes -->
  <testcase classname="admin.CountryController" name="test04GetCountries" time="0.0">
    <ignored/>
  </testcase> <!-- test04GetCountries -->
  <testcase classname="admin.ShapeController" name="testcreateSymmetry02" time="0.0">
    <ignored/>
  </testcase> <!-- testcreateSymmetry02 -->
  <testcase classname="admin.CutController" name="test02PostCut" time="0.0">
    <ignored/>
  </testcase> <!-- test02PostCut -->
  <testcase classname="admin.ShapeController" name="testcreateSymmetry01" time="0.0">
    <ignored/>
  </testcase> <!-- testcreateSymmetry01 -->
  <testcase classname="admin.UserController" name="test05UpdateUploadedUsers" time="0.0">
    <ignored/>
  </testcase> <!-- test05UpdateUploadedUsers -->
  <testcase classname="admin.ReservationController" name="Test05GetMasterReservation" time="0.0">
    <ignored/>
  </testcase> <!-- Test05GetMasterReservation -->
  <testcase classname="admin.PolishController" name="test04Polishes" time="0.0">
    <ignored/>
  </testcase> <!-- test04Polishes -->
  <testcase classname="admin.UserController" name="test06GetUserSupplierDetails" time="0.0">
    <ignored/>
  </testcase> <!-- test06GetUserSupplierDetails -->
  <testcase classname="admin.ReservationTransactionController" name="test04GetReservationAll" time="0.0">
    <ignored/>
  </testcase> <!-- test04GetReservationAll -->
  <testcase classname="admin.UserController" name="test07GetKycByUserId" time="0.0">
    <ignored/>
  </testcase> <!-- test07GetKycByUserId -->
  <testcase classname="admin.LabController" name="Test02Lab" time="0.0">
    <ignored/>
  </testcase> <!-- Test02Lab -->
  <testcase classname="admin.LedgerController" name="test01LedgerLedgerId" time="0.0">
    <ignored/>
  </testcase> <!-- test01LedgerLedgerId -->
  <testcase classname="admin.LedgerController" name="test03Ledgers" time="0.0">
    <ignored/>
  </testcase> <!-- test03Ledgers -->
  <testcase classname="admin.LabController" name="Test04Labs" time="0.0">
    <ignored/>
  </testcase> <!-- Test04Labs -->
  <testcase classname="admin.LabController" name="Test01LabLabId" time="0.0">
    <ignored/>
  </testcase> <!-- Test01LabLabId -->
  <testcase classname="admin.ReservationController" name="Test04GetSlotTransactionsSlotDate" time="0.0">
    <ignored/>
  </testcase> <!-- Test04GetSlotTransactionsSlotDate -->
</testsuite> <!-- admin(failed) -->
